Drill report for /home/martin/Proyectos/kicad/proto-h750/proto-h750.kicad_pcb
Created on dom 18 nov 2018 16:32:21 -03

Copper Layer Stackup:
    =============================================================
    L1 :  F.Cu                      front
    L2 :  B.Cu                      back


Drill file 'proto-h750-PTH.drl' contains
    plated through holes:
    =============================================================
    T1  0,41mm  0,016"  (83 holes)
    T2  0,50mm  0,020"  (32 holes)
    T3  0,60mm  0,024"  (6 holes)  (with 6 slots)
    T4  0,85mm  0,033"  (6 holes)
    T5  0,99mm  0,039"  (4 holes)
    T6  1,00mm  0,039"  (86 holes)
    T7  1,30mm  0,051"  (4 holes)
    T8  3,20mm  0,126"  (4 holes)

    Total plated holes count 225


Drill file 'proto-h750-NPTH.drl' contains
    unplated through holes:
    =============================================================

    Total unplated holes count 0
